Start testing: Oct 03 15:09 EEST
----------------------------------------------------------
1/1 Testing: archiver_tests
1/1 Test: archiver_tests
Command: "/home/ihor/dev/archiver/archiver_tests"
Directory: /home/ihor/dev/archiver
"archiver_tests" start time: Oct 03 15:09 EEST
Output:
----------------------------------------------------------
[0;32m[==========] [mRunning 1 test from 1 test suite.
[0;32m[----------] [mGlobal test environment set-up.
[0;32m[----------] [m1 test from MinPriorityQueue
[0;32m[ RUN      ] [mMinPriorityQueue.Hello
[0;32m[       OK ] [mMinPriorityQueue.Hello (0 ms)
[0;32m[----------] [m1 test from MinPriorityQueue (0 ms total)

[0;32m[----------] [mGlobal test environment tear-down
[0;32m[==========] [m1 test from 1 test suite ran. (0 ms total)
[0;32m[  PASSED  ] [m1 test.
<end of output>
Test time =   0.00 sec
----------------------------------------------------------
Test Passed.
"archiver_tests" end time: Oct 03 15:09 EEST
"archiver_tests" time elapsed: 00:00:00
----------------------------------------------------------

End testing: Oct 03 15:09 EEST
